[0.017s] Invoking command in '/home/qwqb233/ros2Project/controlVrep_ws/build/controlVrep_ws': CMAKE_PREFIX_PATH=${CMAKE_PREFIX_PATH}:/opt/ros/jazzy DEBUGINFOD_URLS=https://debuginfod.ubuntu.com /usr/bin/cmake --build /home/qwqb233/ros2Project/controlVrep_ws/build/controlVrep_ws -- -j16 -l16
[0.113s] [ 50%] [32mBuilding CXX object CMakeFiles/controlVrep_ws_node.dir/src/controlVrep_ws_node.cpp.o[0m
[2.358s] [01m[K/home/qwqb233/ros2Project/controlVrep_ws/src/controlVrep_ws_node.cpp:[m[K In member function ‘[01m[Kvoid controlVrepWsNode::[01;32m[KinverseKinematics[m[K()[m[K’:
[2.359s] [01m[K/home/qwqb233/ros2Project/controlVrep_ws/src/controlVrep_ws_node.cpp:132:20:[m[K [01;35m[Kwarning: [m[Kunused variable ‘[01m[Ktheta1[m[K’ [[01;35m[K]8;;https://gcc.gnu.org/onlinedocs/gcc/Warning-Options.html#index-Wunused-variable-Wunused-variable]8;;[m[K]
[2.359s]   132 |             double [01;35m[Ktheta1[m[K = 90 - (acos((LL + L1*L1 - L2*L2)/(2*L1*sqrt(LL)))+
[2.359s]       |                    [01;35m[K^~~~~~[m[K
[7.307s] [100%] [32m[1mLinking CXX executable controlVrep_ws_node[0m
[7.702s] [100%] Built target controlVrep_ws_node
[7.718s] Invoked command in '/home/qwqb233/ros2Project/controlVrep_ws/build/controlVrep_ws' returned '0': CMAKE_PREFIX_PATH=${CMAKE_PREFIX_PATH}:/opt/ros/jazzy DEBUGINFOD_URLS=https://debuginfod.ubuntu.com /usr/bin/cmake --build /home/qwqb233/ros2Project/controlVrep_ws/build/controlVrep_ws -- -j16 -l16
[7.731s] Invoking command in '/home/qwqb233/ros2Project/controlVrep_ws/build/controlVrep_ws': CMAKE_PREFIX_PATH=${CMAKE_PREFIX_PATH}:/opt/ros/jazzy DEBUGINFOD_URLS=https://debuginfod.ubuntu.com /usr/bin/cmake --install /home/qwqb233/ros2Project/controlVrep_ws/build/controlVrep_ws
[7.743s] -- Install configuration: ""
[7.744s] -- Installing: /home/qwqb233/ros2Project/controlVrep_ws/install/controlVrep_ws/lib/controlVrep_ws/controlVrep_ws_node
[7.763s] -- Set non-toolchain portion of runtime path of "/home/qwqb233/ros2Project/controlVrep_ws/install/controlVrep_ws/lib/controlVrep_ws/controlVrep_ws_node" to ""
[7.764s] -- Up-to-date: /home/qwqb233/ros2Project/controlVrep_ws/install/controlVrep_ws/share/ament_index/resource_index/package_run_dependencies/controlVrep_ws
[7.764s] -- Up-to-date: /home/qwqb233/ros2Project/controlVrep_ws/install/controlVrep_ws/share/ament_index/resource_index/parent_prefix_path/controlVrep_ws
[7.764s] -- Up-to-date: /home/qwqb233/ros2Project/controlVrep_ws/install/controlVrep_ws/share/controlVrep_ws/environment/ament_prefix_path.sh
[7.764s] -- Up-to-date: /home/qwqb233/ros2Project/controlVrep_ws/install/controlVrep_ws/share/controlVrep_ws/environment/ament_prefix_path.dsv
[7.764s] -- Up-to-date: /home/qwqb233/ros2Project/controlVrep_ws/install/controlVrep_ws/share/controlVrep_ws/environment/path.sh
[7.764s] -- Up-to-date: /home/qwqb233/ros2Project/controlVrep_ws/install/controlVrep_ws/share/controlVrep_ws/environment/path.dsv
[7.764s] -- Up-to-date: /home/qwqb233/ros2Project/controlVrep_ws/install/controlVrep_ws/share/controlVrep_ws/local_setup.bash
[7.764s] -- Up-to-date: /home/qwqb233/ros2Project/controlVrep_ws/install/controlVrep_ws/share/controlVrep_ws/local_setup.sh
[7.764s] -- Up-to-date: /home/qwqb233/ros2Project/controlVrep_ws/install/controlVrep_ws/share/controlVrep_ws/local_setup.zsh
[7.764s] -- Up-to-date: /home/qwqb233/ros2Project/controlVrep_ws/install/controlVrep_ws/share/controlVrep_ws/local_setup.dsv
[7.765s] -- Installing: /home/qwqb233/ros2Project/controlVrep_ws/install/controlVrep_ws/share/controlVrep_ws/package.dsv
[7.765s] -- Up-to-date: /home/qwqb233/ros2Project/controlVrep_ws/install/controlVrep_ws/share/ament_index/resource_index/packages/controlVrep_ws
[7.765s] -- Up-to-date: /home/qwqb233/ros2Project/controlVrep_ws/install/controlVrep_ws/share/controlVrep_ws/cmake/controlVrep_wsConfig.cmake
[7.765s] -- Up-to-date: /home/qwqb233/ros2Project/controlVrep_ws/install/controlVrep_ws/share/controlVrep_ws/cmake/controlVrep_wsConfig-version.cmake
[7.765s] -- Up-to-date: /home/qwqb233/ros2Project/controlVrep_ws/install/controlVrep_ws/share/controlVrep_ws/package.xml
[7.767s] Invoked command in '/home/qwqb233/ros2Project/controlVrep_ws/build/controlVrep_ws' returned '0': CMAKE_PREFIX_PATH=${CMAKE_PREFIX_PATH}:/opt/ros/jazzy DEBUGINFOD_URLS=https://debuginfod.ubuntu.com /usr/bin/cmake --install /home/qwqb233/ros2Project/controlVrep_ws/build/controlVrep_ws
