[0.016s] Invoking command in '/home/qwqb233/ros2Project/controlVrep_ws/build/controlVrep_ws': CMAKE_PREFIX_PATH=${CMAKE_PREFIX_PATH}:/opt/ros/jazzy DEBUGINFOD_URLS=https://debuginfod.ubuntu.com /usr/bin/cmake --build /home/qwqb233/ros2Project/controlVrep_ws/build/controlVrep_ws -- -j16 -l16
[0.053s] -- Found ament_cmake: 2.5.3 (/opt/ros/jazzy/share/ament_cmake/cmake)
[0.356s] -- Found rclcpp: 28.1.6 (/opt/ros/jazzy/share/rclcpp/cmake)
[0.552s] -- Found rosidl_generator_c: 4.6.5 (/opt/ros/jazzy/share/rosidl_generator_c/cmake)
[0.562s] -- Found rosidl_generator_cpp: 4.6.5 (/opt/ros/jazzy/share/rosidl_generator_cpp/cmake)
[0.574s] -- Using all available rosidl_typesupport_c: rosidl_typesupport_fastrtps_c;rosidl_typesupport_introspection_c
[0.588s] -- Using all available rosidl_typesupport_cpp: rosidl_typesupport_fastrtps_cpp;rosidl_typesupport_introspection_cpp
[0.656s] -- Found rmw_implementation_cmake: 7.3.1 (/opt/ros/jazzy/share/rmw_implementation_cmake/cmake)
[0.657s] -- Found rmw_fastrtps_cpp: 8.4.1 (/opt/ros/jazzy/share/rmw_fastrtps_cpp/cmake)
[0.944s] -- Using RMW implementation 'rmw_fastrtps_cpp' as default
[1.173s] -- Found std_msgs: 5.3.5 (/opt/ros/jazzy/share/std_msgs/cmake)
[1.190s] -- Found ament_lint_auto: 0.17.1 (/opt/ros/jazzy/share/ament_lint_auto/cmake)
[1.277s] WARNING: Package name "controlVrep_ws" does not follow the naming conventions. It should start with a lower case letter and only contain lower case letters, digits, underscores, and dashes.
[1.335s] -- Added test 'cppcheck' to perform static code analysis on C / C++ code
[1.335s] -- Configured cppcheck include dirs: 
[1.335s] -- Configured cppcheck exclude dirs and/or files: 
[1.338s] -- Added test 'flake8' to check Python code syntax and style conventions
[1.338s] -- Configured 'flake8' exclude dirs and/or files: 
[1.344s] -- Added test 'lint_cmake' to check CMake code style
[1.347s] -- Added test 'pep257' to check Python code against some of the docstring style conventions in PEP 257
[1.370s] -- Added test 'uncrustify' to check C / C++ code style
[1.370s] -- Configured uncrustify additional arguments: 
[1.373s] -- Added test 'xmllint' to check XML markup files
[1.374s] -- Configuring done (1.3s)
[1.396s] -- Generating done (0.0s)
[1.404s] -- Build files have been written to: /home/qwqb233/ros2Project/controlVrep_ws/build/controlVrep_ws
[1.502s] [ 50%] [32m[1mLinking CXX executable controlVrep_ws_node[0m
[2.064s] [100%] Built target controlVrep_ws_node
[2.083s] Invoked command in '/home/qwqb233/ros2Project/controlVrep_ws/build/controlVrep_ws' returned '0': CMAKE_PREFIX_PATH=${CMAKE_PREFIX_PATH}:/opt/ros/jazzy DEBUGINFOD_URLS=https://debuginfod.ubuntu.com /usr/bin/cmake --build /home/qwqb233/ros2Project/controlVrep_ws/build/controlVrep_ws -- -j16 -l16
[2.101s] Invoking command in '/home/qwqb233/ros2Project/controlVrep_ws/build/controlVrep_ws': CMAKE_PREFIX_PATH=${CMAKE_PREFIX_PATH}:/opt/ros/jazzy DEBUGINFOD_URLS=https://debuginfod.ubuntu.com /usr/bin/cmake --install /home/qwqb233/ros2Project/controlVrep_ws/build/controlVrep_ws
[2.113s] -- Install configuration: ""
[2.114s] -- Installing: /home/qwqb233/ros2Project/controlVrep_ws/install/controlVrep_ws/lib/controlVrep_ws/controlVrep_ws_node
[2.124s] -- Set non-toolchain portion of runtime path of "/home/qwqb233/ros2Project/controlVrep_ws/install/controlVrep_ws/lib/controlVrep_ws/controlVrep_ws_node" to ""
[2.124s] -- Up-to-date: /home/qwqb233/ros2Project/controlVrep_ws/install/controlVrep_ws/share/ament_index/resource_index/package_run_dependencies/controlVrep_ws
[2.124s] -- Installing: /home/qwqb233/ros2Project/controlVrep_ws/install/controlVrep_ws/share/ament_index/resource_index/parent_prefix_path/controlVrep_ws
[2.125s] -- Up-to-date: /home/qwqb233/ros2Project/controlVrep_ws/install/controlVrep_ws/share/controlVrep_ws/environment/ament_prefix_path.sh
[2.125s] -- Up-to-date: /home/qwqb233/ros2Project/controlVrep_ws/install/controlVrep_ws/share/controlVrep_ws/environment/ament_prefix_path.dsv
[2.125s] -- Up-to-date: /home/qwqb233/ros2Project/controlVrep_ws/install/controlVrep_ws/share/controlVrep_ws/environment/path.sh
[2.125s] -- Up-to-date: /home/qwqb233/ros2Project/controlVrep_ws/install/controlVrep_ws/share/controlVrep_ws/environment/path.dsv
[2.125s] -- Up-to-date: /home/qwqb233/ros2Project/controlVrep_ws/install/controlVrep_ws/share/controlVrep_ws/local_setup.bash
[2.125s] -- Up-to-date: /home/qwqb233/ros2Project/controlVrep_ws/install/controlVrep_ws/share/controlVrep_ws/local_setup.sh
[2.125s] -- Up-to-date: /home/qwqb233/ros2Project/controlVrep_ws/install/controlVrep_ws/share/controlVrep_ws/local_setup.zsh
[2.125s] -- Up-to-date: /home/qwqb233/ros2Project/controlVrep_ws/install/controlVrep_ws/share/controlVrep_ws/local_setup.dsv
[2.125s] -- Installing: /home/qwqb233/ros2Project/controlVrep_ws/install/controlVrep_ws/share/controlVrep_ws/package.dsv
[2.125s] -- Up-to-date: /home/qwqb233/ros2Project/controlVrep_ws/install/controlVrep_ws/share/ament_index/resource_index/packages/controlVrep_ws
[2.125s] -- Up-to-date: /home/qwqb233/ros2Project/controlVrep_ws/install/controlVrep_ws/share/controlVrep_ws/cmake/controlVrep_wsConfig.cmake
[2.126s] -- Up-to-date: /home/qwqb233/ros2Project/controlVrep_ws/install/controlVrep_ws/share/controlVrep_ws/cmake/controlVrep_wsConfig-version.cmake
[2.126s] -- Up-to-date: /home/qwqb233/ros2Project/controlVrep_ws/install/controlVrep_ws/share/controlVrep_ws/package.xml
[2.130s] Invoked command in '/home/qwqb233/ros2Project/controlVrep_ws/build/controlVrep_ws' returned '0': CMAKE_PREFIX_PATH=${CMAKE_PREFIX_PATH}:/opt/ros/jazzy DEBUGINFOD_URLS=https://debuginfod.ubuntu.com /usr/bin/cmake --install /home/qwqb233/ros2Project/controlVrep_ws/build/controlVrep_ws
