[0.016s] Invoking command in '/home/qwqb233/ros2Project/controlVrep_ws/build/controlVrep_ws': CMAKE_PREFIX_PATH=${CMAKE_PREFIX_PATH}:/opt/ros/jazzy DEBUGINFOD_URLS=https://debuginfod.ubuntu.com /usr/bin/cmake --build /home/qwqb233/ros2Project/controlVrep_ws/build/controlVrep_ws -- -j16 -l16
[0.049s] -- Found ament_cmake: 2.5.3 (/opt/ros/jazzy/share/ament_cmake/cmake)
[0.320s] -- Found rclcpp: 28.1.6 (/opt/ros/jazzy/share/rclcpp/cmake)
[0.534s] -- Found rosidl_generator_c: 4.6.5 (/opt/ros/jazzy/share/rosidl_generator_c/cmake)
[0.542s] -- Found rosidl_generator_cpp: 4.6.5 (/opt/ros/jazzy/share/rosidl_generator_cpp/cmake)
[0.554s] -- Using all available rosidl_typesupport_c: rosidl_typesupport_fastrtps_c;rosidl_typesupport_introspection_c
[0.567s] -- Using all available rosidl_typesupport_cpp: rosidl_typesupport_fastrtps_cpp;rosidl_typesupport_introspection_cpp
[0.628s] -- Found rmw_implementation_cmake: 7.3.1 (/opt/ros/jazzy/share/rmw_implementation_cmake/cmake)
[0.629s] -- Found rmw_fastrtps_cpp: 8.4.1 (/opt/ros/jazzy/share/rmw_fastrtps_cpp/cmake)
[0.940s] -- Using RMW implementation 'rmw_fastrtps_cpp' as default
[1.195s] -- Found std_msgs: 5.3.5 (/opt/ros/jazzy/share/std_msgs/cmake)
[1.208s] -- Found ament_lint_auto: 0.17.1 (/opt/ros/jazzy/share/ament_lint_auto/cmake)
[1.289s] WARNING: Package name "controlVrep_ws" does not follow the naming conventions. It should start with a lower case letter and only contain lower case letters, digits, underscores, and dashes.
[1.363s] -- Added test 'cppcheck' to perform static code analysis on C / C++ code
[1.363s] -- Configured cppcheck include dirs: /home/qwqb233/ros2Project/controlVrep_ws/include
[1.363s] -- Configured cppcheck exclude dirs and/or files: 
[1.368s] -- Added test 'flake8' to check Python code syntax and style conventions
[1.368s] -- Configured 'flake8' exclude dirs and/or files: 
[1.379s] -- Added test 'lint_cmake' to check CMake code style
[1.384s] -- Added test 'pep257' to check Python code against some of the docstring style conventions in PEP 257
[1.424s] -- Added test 'uncrustify' to check C / C++ code style
[1.424s] -- Configured uncrustify additional arguments: 
[1.429s] -- Added test 'xmllint' to check XML markup files
[1.431s] -- Configuring done (1.4s)
[1.445s] -- Generating done (0.0s)
[1.450s] -- Build files have been written to: /home/qwqb233/ros2Project/controlVrep_ws/build/controlVrep_ws
[1.524s] [ 50%] [32mBuilding CXX object CMakeFiles/controlVrep_ws_node.dir/src/controlVrep_ws_node.cpp.o[0m
[4.430s] In file included from [01m[K/opt/ros/jazzy/include/rclcpp/rclcpp/logging.hpp:24[m[K,
[4.430s]                  from [01m[K/opt/ros/jazzy/include/rclcpp/rclcpp/copy_all_parameter_values.hpp:27[m[K,
[4.430s]                  from [01m[K/opt/ros/jazzy/include/rclcpp/rclcpp/rclcpp.hpp:171[m[K,
[4.430s]                  from [01m[K/home/qwqb233/ros2Project/controlVrep_ws/src/controlVrep_ws_node.cpp:1[m[K:
[4.430s] [01m[K/home/qwqb233/ros2Project/controlVrep_ws/src/controlVrep_ws_node.cpp:[m[K In member function ‘[01m[Kvoid controlVrepWsNode::[01;32m[KDHTableCallback[m[K(std_msgs::msg::String_<std::allocator<void> >::SharedPtr)[m[K’:
[4.430s] [01m[K/home/qwqb233/ros2Project/controlVrep_ws/src/controlVrep_ws_node.cpp:73:49:[m[K [01;35m[Kwarning: [m[Kformat ‘[01m[K%f[m[K’ expects argument of type ‘[01m[Kdouble[m[K’, but argument 5 has type ‘[01m[Knlohmann::json_abi_v3_11_2::basic_json<>::value_type[m[K’ {aka ‘[01m[Knlohmann::json_abi_v3_11_2::basic_json<>[m[K’} [[01;35m[K]8;;https://gcc.gnu.org/onlinedocs/gcc/Warning-Options.html#index-Wformat=-Wformat=]8;;[m[K]
[4.430s]    73 |                 RCLCPP_INFO(this->get_logger(), [01;35m[K"a: %f"[m[K, data["1"]["a"]);
[4.430s]       |                                                 [01;35m[K^~~~~~~[m[K
[4.430s] [01m[K/home/qwqb233/ros2Project/controlVrep_ws/src/controlVrep_ws_node.cpp:73:54:[m[K [01;36m[Knote: [m[Kformat string is defined here
[4.430s]    73 |                 RCLCPP_INFO(this->get_logger(), "a: [01;36m[K%f[m[K", data["1"]["a"]);
[4.431s]       |                                                     [01;36m[K~^[m[K
[4.431s]       |                                                      [01;36m[K|[m[K
[4.431s]       |                                                      [01;36m[Kdouble[m[K
[11.420s] [100%] [32m[1mLinking CXX executable controlVrep_ws_node[0m
[11.987s] [100%] Built target controlVrep_ws_node
[12.007s] Invoked command in '/home/qwqb233/ros2Project/controlVrep_ws/build/controlVrep_ws' returned '0': CMAKE_PREFIX_PATH=${CMAKE_PREFIX_PATH}:/opt/ros/jazzy DEBUGINFOD_URLS=https://debuginfod.ubuntu.com /usr/bin/cmake --build /home/qwqb233/ros2Project/controlVrep_ws/build/controlVrep_ws -- -j16 -l16
[12.021s] Invoking command in '/home/qwqb233/ros2Project/controlVrep_ws/build/controlVrep_ws': CMAKE_PREFIX_PATH=${CMAKE_PREFIX_PATH}:/opt/ros/jazzy DEBUGINFOD_URLS=https://debuginfod.ubuntu.com /usr/bin/cmake --install /home/qwqb233/ros2Project/controlVrep_ws/build/controlVrep_ws
[12.033s] -- Install configuration: ""
[12.033s] -- Installing: /home/qwqb233/ros2Project/controlVrep_ws/install/controlVrep_ws/lib/controlVrep_ws/controlVrep_ws_node
[12.046s] -- Set non-toolchain portion of runtime path of "/home/qwqb233/ros2Project/controlVrep_ws/install/controlVrep_ws/lib/controlVrep_ws/controlVrep_ws_node" to ""
[12.046s] -- Up-to-date: /home/qwqb233/ros2Project/controlVrep_ws/install/controlVrep_ws/share/ament_index/resource_index/package_run_dependencies/controlVrep_ws
[12.046s] -- Up-to-date: /home/qwqb233/ros2Project/controlVrep_ws/install/controlVrep_ws/share/ament_index/resource_index/parent_prefix_path/controlVrep_ws
[12.046s] -- Up-to-date: /home/qwqb233/ros2Project/controlVrep_ws/install/controlVrep_ws/share/controlVrep_ws/environment/ament_prefix_path.sh
[12.046s] -- Up-to-date: /home/qwqb233/ros2Project/controlVrep_ws/install/controlVrep_ws/share/controlVrep_ws/environment/ament_prefix_path.dsv
[12.047s] -- Up-to-date: /home/qwqb233/ros2Project/controlVrep_ws/install/controlVrep_ws/share/controlVrep_ws/environment/path.sh
[12.047s] -- Up-to-date: /home/qwqb233/ros2Project/controlVrep_ws/install/controlVrep_ws/share/controlVrep_ws/environment/path.dsv
[12.047s] -- Up-to-date: /home/qwqb233/ros2Project/controlVrep_ws/install/controlVrep_ws/share/controlVrep_ws/local_setup.bash
[12.047s] -- Up-to-date: /home/qwqb233/ros2Project/controlVrep_ws/install/controlVrep_ws/share/controlVrep_ws/local_setup.sh
[12.047s] -- Up-to-date: /home/qwqb233/ros2Project/controlVrep_ws/install/controlVrep_ws/share/controlVrep_ws/local_setup.zsh
[12.047s] -- Up-to-date: /home/qwqb233/ros2Project/controlVrep_ws/install/controlVrep_ws/share/controlVrep_ws/local_setup.dsv
[12.047s] -- Installing: /home/qwqb233/ros2Project/controlVrep_ws/install/controlVrep_ws/share/controlVrep_ws/package.dsv
[12.047s] -- Up-to-date: /home/qwqb233/ros2Project/controlVrep_ws/install/controlVrep_ws/share/ament_index/resource_index/packages/controlVrep_ws
[12.047s] -- Up-to-date: /home/qwqb233/ros2Project/controlVrep_ws/install/controlVrep_ws/share/controlVrep_ws/cmake/controlVrep_wsConfig.cmake
[12.047s] -- Up-to-date: /home/qwqb233/ros2Project/controlVrep_ws/install/controlVrep_ws/share/controlVrep_ws/cmake/controlVrep_wsConfig-version.cmake
[12.047s] -- Up-to-date: /home/qwqb233/ros2Project/controlVrep_ws/install/controlVrep_ws/share/controlVrep_ws/package.xml
[12.049s] Invoked command in '/home/qwqb233/ros2Project/controlVrep_ws/build/controlVrep_ws' returned '0': CMAKE_PREFIX_PATH=${CMAKE_PREFIX_PATH}:/opt/ros/jazzy DEBUGINFOD_URLS=https://debuginfod.ubuntu.com /usr/bin/cmake --install /home/qwqb233/ros2Project/controlVrep_ws/build/controlVrep_ws
