[0.232s] DEBUG:colcon:Command line arguments: ['/usr/bin/colcon', 'build']
[0.232s] DEBUG:colcon:Parsed command line arguments: Namespace(log_base=None, log_level=None, verb_name='build', build_base='build', install_base='install', merge_install=False, symlink_install=False, test_result_base=None, continue_on_error=False, executor='parallel', parallel_workers=16, event_handlers=None, ignore_user_meta=False, metas=['./colcon.meta'], base_paths=['.'], packages_ignore=None, packages_ignore_regex=None, paths=None, packages_up_to=None, packages_up_to_regex=None, packages_above=None, packages_above_and_dependencies=None, packages_above_depth=None, packages_select_by_dep=None, packages_skip_by_dep=None, packages_skip_up_to=None, packages_select_build_failed=False, packages_skip_build_finished=False, packages_select_test_failures=False, packages_skip_test_passed=False, packages_select=None, packages_skip=None, packages_select_regex=None, packages_skip_regex=None, packages_start=None, packages_end=None, allow_overriding=[], cmake_args=None, cmake_target=None, cmake_target_skip_unavailable=False, cmake_clean_cache=False, cmake_clean_first=False, cmake_force_configure=False, ament_cmake_args=None, catkin_cmake_args=None, catkin_skip_building_tests=False, verb_parser=<colcon_defaults.argument_parser.defaults.DefaultArgumentsDecorator object at 0x7460c13293a0>, verb_extension=<colcon_core.verb.build.BuildVerb object at 0x7460c1446210>, main=<bound method BuildVerb.main of <colcon_core.verb.build.BuildVerb object at 0x7460c1446210>>)
[0.277s] Level 1:colcon.colcon_core.package_discovery:discover_packages(colcon_meta) check parameters
[0.277s] Level 1:colcon.colcon_core.package_discovery:discover_packages(recursive) check parameters
[0.277s] Level 1:colcon.colcon_core.package_discovery:discover_packages(ignore) check parameters
[0.277s] Level 1:colcon.colcon_core.package_discovery:discover_packages(path) check parameters
[0.277s] Level 1:colcon.colcon_core.package_discovery:discover_packages(colcon_meta) discover
[0.278s] Level 1:colcon.colcon_core.package_discovery:discover_packages(recursive) discover
[0.278s] INFO:colcon.colcon_core.package_discovery:Crawling recursively for packages in '/home/qwqb233/ros2Project/controlVrep_ws'
[0.278s] Level 1:colcon.colcon_core.package_identification:_identify(.) by extensions ['ignore', 'ignore_ament_install']
[0.278s] Level 1:colcon.colcon_core.package_identification:_identify(.) by extension 'ignore'
[0.278s] Level 1:colcon.colcon_core.package_identification:_identify(.) by extension 'ignore_ament_install'
[0.278s] Level 1:colcon.colcon_core.package_identification:_identify(.) by extensions ['colcon_pkg']
[0.278s] Level 1:colcon.colcon_core.package_identification:_identify(.) by extension 'colcon_pkg'
[0.278s] Level 1:colcon.colcon_core.package_identification:_identify(.) by extensions ['colcon_meta']
[0.278s] Level 1:colcon.colcon_core.package_identification:_identify(.) by extension 'colcon_meta'
[0.278s] Level 1:colcon.colcon_core.package_identification:_identify(.) by extensions ['ros']
[0.278s] Level 1:colcon.colcon_core.package_identification:_identify(.) by extension 'ros'
[0.313s] DEBUG:colcon.colcon_core.package_identification:Package '.' with type 'ros.ament_cmake' and name 'controlVrep_ws'
[0.313s] Level 1:colcon.colcon_core.package_discovery:discover_packages(recursive) using defaults
[0.313s] Level 1:colcon.colcon_core.package_discovery:discover_packages(ignore) discover
[0.313s] Level 1:colcon.colcon_core.package_discovery:discover_packages(ignore) using defaults
[0.313s] Level 1:colcon.colcon_core.package_discovery:discover_packages(path) discover
[0.313s] Level 1:colcon.colcon_core.package_discovery:discover_packages(path) using defaults
[0.334s] Level 1:colcon.colcon_core.package_discovery:discover_packages(prefix_path) check parameters
[0.334s] Level 1:colcon.colcon_core.package_discovery:discover_packages(prefix_path) discover
[0.335s] DEBUG:colcon.colcon_installed_package_information.package_discovery:Found 1 installed packages in /home/qwqb233/ros2Project/controlVrep_ws/install
[0.337s] DEBUG:colcon.colcon_installed_package_information.package_discovery:Found 327 installed packages in /opt/ros/jazzy
[0.338s] Level 1:colcon.colcon_core.package_discovery:discover_packages(prefix_path) using defaults
[0.383s] Level 5:colcon.colcon_core.verb:set package 'controlVrep_ws' build argument 'cmake_args' from command line to 'None'
[0.383s] Level 5:colcon.colcon_core.verb:set package 'controlVrep_ws' build argument 'cmake_target' from command line to 'None'
[0.383s] Level 5:colcon.colcon_core.verb:set package 'controlVrep_ws' build argument 'cmake_target_skip_unavailable' from command line to 'False'
[0.383s] Level 5:colcon.colcon_core.verb:set package 'controlVrep_ws' build argument 'cmake_clean_cache' from command line to 'False'
[0.383s] Level 5:colcon.colcon_core.verb:set package 'controlVrep_ws' build argument 'cmake_clean_first' from command line to 'False'
[0.384s] Level 5:colcon.colcon_core.verb:set package 'controlVrep_ws' build argument 'cmake_force_configure' from command line to 'False'
[0.384s] Level 5:colcon.colcon_core.verb:set package 'controlVrep_ws' build argument 'ament_cmake_args' from command line to 'None'
[0.384s] Level 5:colcon.colcon_core.verb:set package 'controlVrep_ws' build argument 'catkin_cmake_args' from command line to 'None'
[0.384s] Level 5:colcon.colcon_core.verb:set package 'controlVrep_ws' build argument 'catkin_skip_building_tests' from command line to 'False'
[0.384s] DEBUG:colcon.colcon_core.verb:Building package 'controlVrep_ws' with the following arguments: {'ament_cmake_args': None, 'build_base': '/home/qwqb233/ros2Project/controlVrep_ws/build/controlVrep_ws', 'catkin_cmake_args': None, 'catkin_skip_building_tests': False, 'cmake_args': None, 'cmake_clean_cache': False, 'cmake_clean_first': False, 'cmake_force_configure': False, 'cmake_target': None, 'cmake_target_skip_unavailable': False, 'install_base': '/home/qwqb233/ros2Project/controlVrep_ws/install/controlVrep_ws', 'merge_install': False, 'path': '/home/qwqb233/ros2Project/controlVrep_ws', 'symlink_install': False, 'test_result_base': None}
[0.384s] INFO:colcon.colcon_core.executor:Executing jobs using 'parallel' executor
[0.385s] DEBUG:colcon.colcon_parallel_executor.executor.parallel:run_until_complete
[0.385s] INFO:colcon.colcon_ros.task.ament_cmake.build:Building ROS package in '/home/qwqb233/ros2Project/controlVrep_ws' with build type 'ament_cmake'
[0.385s] INFO:colcon.colcon_cmake.task.cmake.build:Building CMake package in '/home/qwqb233/ros2Project/controlVrep_ws'
[0.387s] INFO:colcon.colcon_core.plugin_system:Skipping extension 'colcon_core.shell.bat': Not used on non-Windows systems
[0.387s] INFO:colcon.colcon_core.shell:Skip shell extension 'powershell' for command environment: Not usable outside of PowerShell
[0.387s] DEBUG:colcon.colcon_core.shell:Skip shell extension 'dsv' for command environment
[0.399s] DEBUG:colcon.colcon_core.event_handler.log_command:Invoking command in '/home/qwqb233/ros2Project/controlVrep_ws/build/controlVrep_ws': CMAKE_PREFIX_PATH=${CMAKE_PREFIX_PATH}:/opt/ros/jazzy DEBUGINFOD_URLS=https://debuginfod.ubuntu.com /usr/bin/cmake --build /home/qwqb233/ros2Project/controlVrep_ws/build/controlVrep_ws -- -j16 -l16
[1.815s] DEBUG:colcon.colcon_core.event_handler.log_command:Invoked command in '/home/qwqb233/ros2Project/controlVrep_ws/build/controlVrep_ws' returned '2': CMAKE_PREFIX_PATH=${CMAKE_PREFIX_PATH}:/opt/ros/jazzy DEBUGINFOD_URLS=https://debuginfod.ubuntu.com /usr/bin/cmake --build /home/qwqb233/ros2Project/controlVrep_ws/build/controlVrep_ws -- -j16 -l16
[1.815s] Level 1:colcon.colcon_core.environment:create_environment_scripts_only(controlVrep_ws)
[1.817s] Level 1:colcon.colcon_core.environment:checking '/home/qwqb233/ros2Project/controlVrep_ws/install/controlVrep_ws' for CMake module files
[1.818s] Level 1:colcon.colcon_core.environment:checking '/home/qwqb233/ros2Project/controlVrep_ws/install/controlVrep_ws' for CMake config files
[1.818s] Level 1:colcon.colcon_core.shell:create_environment_hook('controlVrep_ws', 'cmake_prefix_path')
[1.818s] INFO:colcon.colcon_core.shell:Creating environment hook '/home/qwqb233/ros2Project/controlVrep_ws/install/controlVrep_ws/share/controlVrep_ws/hook/cmake_prefix_path.ps1'
[1.819s] INFO:colcon.colcon_core.shell:Creating environment descriptor '/home/qwqb233/ros2Project/controlVrep_ws/install/controlVrep_ws/share/controlVrep_ws/hook/cmake_prefix_path.dsv'
[1.820s] INFO:colcon.colcon_core.shell:Creating environment hook '/home/qwqb233/ros2Project/controlVrep_ws/install/controlVrep_ws/share/controlVrep_ws/hook/cmake_prefix_path.sh'
[1.820s] Level 1:colcon.colcon_core.environment:checking '/home/qwqb233/ros2Project/controlVrep_ws/install/controlVrep_ws/lib'
[1.821s] Level 1:colcon.colcon_core.environment:checking '/home/qwqb233/ros2Project/controlVrep_ws/install/controlVrep_ws/bin'
[1.821s] Level 1:colcon.colcon_core.environment:checking '/home/qwqb233/ros2Project/controlVrep_ws/install/controlVrep_ws/lib/pkgconfig/controlVrep_ws.pc'
[1.821s] Level 1:colcon.colcon_core.environment:checking '/home/qwqb233/ros2Project/controlVrep_ws/install/controlVrep_ws/lib/python3.12/site-packages'
[1.821s] Level 1:colcon.colcon_core.environment:checking '/home/qwqb233/ros2Project/controlVrep_ws/install/controlVrep_ws/bin'
[1.821s] INFO:colcon.colcon_core.shell:Creating package script '/home/qwqb233/ros2Project/controlVrep_ws/install/controlVrep_ws/share/controlVrep_ws/package.ps1'
[1.822s] INFO:colcon.colcon_core.shell:Creating package descriptor '/home/qwqb233/ros2Project/controlVrep_ws/install/controlVrep_ws/share/controlVrep_ws/package.dsv'
[1.822s] INFO:colcon.colcon_core.shell:Creating package script '/home/qwqb233/ros2Project/controlVrep_ws/install/controlVrep_ws/share/controlVrep_ws/package.sh'
[1.823s] INFO:colcon.colcon_core.shell:Creating package script '/home/qwqb233/ros2Project/controlVrep_ws/install/controlVrep_ws/share/controlVrep_ws/package.bash'
[1.823s] INFO:colcon.colcon_core.shell:Creating package script '/home/qwqb233/ros2Project/controlVrep_ws/install/controlVrep_ws/share/controlVrep_ws/package.zsh'
[1.824s] Level 1:colcon.colcon_core.environment:create_file_with_runtime_dependencies(/home/qwqb233/ros2Project/controlVrep_ws/install/controlVrep_ws/share/colcon-core/packages/controlVrep_ws)
[1.835s] DEBUG:colcon.colcon_parallel_executor.executor.parallel:closing loop
[1.835s] DEBUG:colcon.colcon_parallel_executor.executor.parallel:loop closed
[1.835s] DEBUG:colcon.colcon_parallel_executor.executor.parallel:run_until_complete finished with '2'
[1.835s] DEBUG:colcon.colcon_core.event_reactor:joining thread
[1.901s] INFO:colcon.colcon_core.plugin_system:Skipping extension 'colcon_notification.desktop_notification.notify_send': Could not find 'notify-send'
[1.901s] INFO:colcon.colcon_core.plugin_system:Skipping extension 'colcon_notification.desktop_notification.terminal_notifier': Not used on non-Darwin systems
[1.901s] INFO:colcon.colcon_core.plugin_system:Skipping extension 'colcon_notification.desktop_notification.win32': Not used on non-Windows systems
[1.901s] INFO:colcon.colcon_notification.desktop_notification:Sending desktop notification using 'notify2'
[1.903s] DEBUG:colcon.colcon_notification.desktop_notification.notify2:Failed to initialize notify2: org.freedesktop.DBus.Error.ServiceUnknown: The name org.freedesktop.Notifications was not provided by any .service files
[1.903s] DEBUG:colcon.colcon_core.event_reactor:joined thread
[1.904s] INFO:colcon.colcon_core.shell:Creating prefix script '/home/qwqb233/ros2Project/controlVrep_ws/install/local_setup.ps1'
[1.904s] INFO:colcon.colcon_core.shell:Creating prefix util module '/home/qwqb233/ros2Project/controlVrep_ws/install/_local_setup_util_ps1.py'
[1.906s] INFO:colcon.colcon_core.shell:Creating prefix chain script '/home/qwqb233/ros2Project/controlVrep_ws/install/setup.ps1'
[1.907s] INFO:colcon.colcon_core.shell:Creating prefix script '/home/qwqb233/ros2Project/controlVrep_ws/install/local_setup.sh'
[1.908s] INFO:colcon.colcon_core.shell:Creating prefix util module '/home/qwqb233/ros2Project/controlVrep_ws/install/_local_setup_util_sh.py'
[1.908s] INFO:colcon.colcon_core.shell:Creating prefix chain script '/home/qwqb233/ros2Project/controlVrep_ws/install/setup.sh'
[1.909s] INFO:colcon.colcon_core.shell:Creating prefix script '/home/qwqb233/ros2Project/controlVrep_ws/install/local_setup.bash'
[1.909s] INFO:colcon.colcon_core.shell:Creating prefix chain script '/home/qwqb233/ros2Project/controlVrep_ws/install/setup.bash'
[1.910s] INFO:colcon.colcon_core.shell:Creating prefix script '/home/qwqb233/ros2Project/controlVrep_ws/install/local_setup.zsh'
[1.910s] INFO:colcon.colcon_core.shell:Creating prefix chain script '/home/qwqb233/ros2Project/controlVrep_ws/install/setup.zsh'
