[0.015s] Invoking command in '/home/qwqb233/ros2Project/controlVrep_ws/build/controlVrep_ws': CMAKE_PREFIX_PATH=${CMAKE_PREFIX_PATH}:/opt/ros/jazzy DEBUGINFOD_URLS=https://debuginfod.ubuntu.com /usr/bin/cmake --build /home/qwqb233/ros2Project/controlVrep_ws/build/controlVrep_ws -- -j16 -l16
[0.055s] -- Found ament_cmake: 2.5.3 (/opt/ros/jazzy/share/ament_cmake/cmake)
[0.282s] -- Found rclcpp: 28.1.6 (/opt/ros/jazzy/share/rclcpp/cmake)
[0.445s] -- Found rosidl_generator_c: 4.6.5 (/opt/ros/jazzy/share/rosidl_generator_c/cmake)
[0.456s] -- Found rosidl_generator_cpp: 4.6.5 (/opt/ros/jazzy/share/rosidl_generator_cpp/cmake)
[0.473s] -- Using all available rosidl_typesupport_c: rosidl_typesupport_fastrtps_c;rosidl_typesupport_introspection_c
[0.490s] -- Using all available rosidl_typesupport_cpp: rosidl_typesupport_fastrtps_cpp;rosidl_typesupport_introspection_cpp
[0.569s] -- Found rmw_implementation_cmake: 7.3.1 (/opt/ros/jazzy/share/rmw_implementation_cmake/cmake)
[0.572s] -- Found rmw_fastrtps_cpp: 8.4.1 (/opt/ros/jazzy/share/rmw_fastrtps_cpp/cmake)
[0.781s] -- Using RMW implementation 'rmw_fastrtps_cpp' as default
[0.967s] -- Found std_msgs: 5.3.5 (/opt/ros/jazzy/share/std_msgs/cmake)
[0.984s] -- Found ament_lint_auto: 0.17.1 (/opt/ros/jazzy/share/ament_lint_auto/cmake)
[1.048s] WARNING: Package name "controlVrep_ws" does not follow the naming conventions. It should start with a lower case letter and only contain lower case letters, digits, underscores, and dashes.
[1.098s] -- Added test 'cppcheck' to perform static code analysis on C / C++ code
[1.098s] -- Configured cppcheck include dirs: /home/qwqb233/ros2Project/controlVrep_ws/include
[1.098s] -- Configured cppcheck exclude dirs and/or files: 
[1.101s] -- Added test 'flake8' to check Python code syntax and style conventions
[1.101s] -- Configured 'flake8' exclude dirs and/or files: 
[1.106s] -- Added test 'lint_cmake' to check CMake code style
[1.109s] -- Added test 'pep257' to check Python code against some of the docstring style conventions in PEP 257
[1.131s] -- Added test 'uncrustify' to check C / C++ code style
[1.131s] -- Configured uncrustify additional arguments: 
[1.134s] -- Added test 'xmllint' to check XML markup files
[1.136s] -- Configuring done (1.1s)
[1.158s] -- Generating done (0.0s)
[1.162s] -- Build files have been written to: /home/qwqb233/ros2Project/controlVrep_ws/build/controlVrep_ws
[1.208s] [ 50%] Built target Matrix
[1.217s] [100%] Built target controlVrep_ws_node
[1.231s] Invoked command in '/home/qwqb233/ros2Project/controlVrep_ws/build/controlVrep_ws' returned '0': CMAKE_PREFIX_PATH=${CMAKE_PREFIX_PATH}:/opt/ros/jazzy DEBUGINFOD_URLS=https://debuginfod.ubuntu.com /usr/bin/cmake --build /home/qwqb233/ros2Project/controlVrep_ws/build/controlVrep_ws -- -j16 -l16
[1.242s] Invoking command in '/home/qwqb233/ros2Project/controlVrep_ws/build/controlVrep_ws': CMAKE_PREFIX_PATH=${CMAKE_PREFIX_PATH}:/opt/ros/jazzy DEBUGINFOD_URLS=https://debuginfod.ubuntu.com /usr/bin/cmake --install /home/qwqb233/ros2Project/controlVrep_ws/build/controlVrep_ws
[1.251s] -- Install configuration: ""
[1.251s] -- Installing: /home/qwqb233/ros2Project/controlVrep_ws/install/controlVrep_ws/lib/controlVrep_ws/libMatrix.so
[1.252s] -- Up-to-date: /home/qwqb233/ros2Project/controlVrep_ws/install/controlVrep_ws/lib/controlVrep_ws/controlVrep_ws_node
[1.252s] -- Up-to-date: /home/qwqb233/ros2Project/controlVrep_ws/install/controlVrep_ws/share/ament_index/resource_index/package_run_dependencies/controlVrep_ws
[1.253s] -- Up-to-date: /home/qwqb233/ros2Project/controlVrep_ws/install/controlVrep_ws/share/ament_index/resource_index/parent_prefix_path/controlVrep_ws
[1.253s] -- Up-to-date: /home/qwqb233/ros2Project/controlVrep_ws/install/controlVrep_ws/share/controlVrep_ws/environment/ament_prefix_path.sh
[1.253s] -- Up-to-date: /home/qwqb233/ros2Project/controlVrep_ws/install/controlVrep_ws/share/controlVrep_ws/environment/ament_prefix_path.dsv
[1.253s] -- Up-to-date: /home/qwqb233/ros2Project/controlVrep_ws/install/controlVrep_ws/share/controlVrep_ws/environment/path.sh
[1.253s] -- Up-to-date: /home/qwqb233/ros2Project/controlVrep_ws/install/controlVrep_ws/share/controlVrep_ws/environment/path.dsv
[1.253s] -- Up-to-date: /home/qwqb233/ros2Project/controlVrep_ws/install/controlVrep_ws/share/controlVrep_ws/local_setup.bash
[1.253s] -- Up-to-date: /home/qwqb233/ros2Project/controlVrep_ws/install/controlVrep_ws/share/controlVrep_ws/local_setup.sh
[1.253s] -- Up-to-date: /home/qwqb233/ros2Project/controlVrep_ws/install/controlVrep_ws/share/controlVrep_ws/local_setup.zsh
[1.253s] -- Up-to-date: /home/qwqb233/ros2Project/controlVrep_ws/install/controlVrep_ws/share/controlVrep_ws/local_setup.dsv
[1.253s] -- Installing: /home/qwqb233/ros2Project/controlVrep_ws/install/controlVrep_ws/share/controlVrep_ws/package.dsv
[1.254s] -- Up-to-date: /home/qwqb233/ros2Project/controlVrep_ws/install/controlVrep_ws/share/ament_index/resource_index/packages/controlVrep_ws
[1.254s] -- Up-to-date: /home/qwqb233/ros2Project/controlVrep_ws/install/controlVrep_ws/share/controlVrep_ws/cmake/controlVrep_wsConfig.cmake
[1.254s] -- Up-to-date: /home/qwqb233/ros2Project/controlVrep_ws/install/controlVrep_ws/share/controlVrep_ws/cmake/controlVrep_wsConfig-version.cmake
[1.254s] -- Up-to-date: /home/qwqb233/ros2Project/controlVrep_ws/install/controlVrep_ws/share/controlVrep_ws/package.xml
[1.256s] Invoked command in '/home/qwqb233/ros2Project/controlVrep_ws/build/controlVrep_ws' returned '0': CMAKE_PREFIX_PATH=${CMAKE_PREFIX_PATH}:/opt/ros/jazzy DEBUGINFOD_URLS=https://debuginfod.ubuntu.com /usr/bin/cmake --install /home/qwqb233/ros2Project/controlVrep_ws/build/controlVrep_ws
